<?xml version="1.0" encoding="UTF-8"?>
<!-- Generated by org.testng.reporters.JUnitReportReporter -->
<testsuite hostname="DESKTOP-CFBNVFI" failures="0" tests="3" name="TestRunner.Testrun" time="16.113" errors="0" timestamp="2024-04-24T16:20:11 IST" skipped="0">
  <testcase classname="TestRunner.Testrun" name="runScenario" time="4.161"/>
  <testcase classname="TestRunner.Testrun" name="runScenario" time="4.299"/>
  <testcase classname="TestRunner.Testrun" name="runScenario" time="7.653"/>
</testsuite> <!-- TestRunner.Testrun -->
