<?xml version="1.0" encoding="UTF-8"?>
<!-- Generated by org.testng.reporters.JUnitReportReporter -->
<testsuite hostname="DESKTOP-CFBNVFI" failures="0" tests="3" name="TestRunner.Testrun" time="29.183" errors="0" timestamp="2024-05-03T12:29:46 IST" skipped="0">
  <testcase classname="TestRunner.Testrun" name="runScenario" time="10.438"/>
  <testcase classname="TestRunner.Testrun" name="runScenario" time="9.026"/>
  <testcase classname="TestRunner.Testrun" name="runScenario" time="9.719"/>
</testsuite> <!-- TestRunner.Testrun -->
