<?xml version="1.0" encoding="UTF-8"?>
<!-- Generated by org.testng.reporters.JUnitReportReporter -->
<testsuite hostname="DESKTOP-CFBNVFI" failures="0" tests="3" name="TestRunner.Testrun" time="21.850" errors="0" timestamp="2024-04-24T17:24:07 IST" skipped="0">
  <testcase classname="TestRunner.Testrun" name="runScenario" time="6.123"/>
  <testcase classname="TestRunner.Testrun" name="runScenario" time="5.327"/>
  <testcase classname="TestRunner.Testrun" name="runScenario" time="10.400"/>
</testsuite> <!-- TestRunner.Testrun -->
